#
# There is insufficient memory for the Java Runtime Environment to continue.
# Native memory allocation (malloc) failed to allocate 32744 bytes for ChunkPool::allocate
# Possible reasons:
#   The system is out of physical RAM or swap space
#   The process is running with CompressedOops enabled, and the Java Heap may be blocking the growth of the native heap
# Possible solutions:
#   Reduce memory load on the system
#   Increase physical memory or swap space
#   Check if swap backing store is full
#   Decrease Java heap size (-Xmx/-Xms)
#   Decrease number of Java threads
#   Decrease Java thread stack sizes (-Xss)
#   Set larger code cache with -XX:ReservedCodeCacheSize=
#   JVM is running with Unscaled Compressed Oops mode in which the Java heap is
#     placed in the first 4GB address space. The Java Heap base address is the
#     maximum limit for the native heap growth. Please use -XX:HeapBaseMinAddress
#     to set the Java Heap base and to place the Java Heap above 4GB virtual address.
# This output file may be truncated or incomplete.
#
#  Out of Memory Error (./src/hotspot/share/memory/arena.cpp:81), pid=50868, tid=49144
#
# JRE version: OpenJDK Runtime Environment Temurin-11.0.15+10 (11.0.15+10) (build 11.0.15+10)
# Java VM: OpenJDK 64-Bit Server VM Temurin-11.0.15+10 (11.0.15+10, mixed mode, tiered, compressed oops, g1 gc, windows-amd64)
# No core dump will be written. Minidumps are not enabled by default on client versions of Windows
#

---------------  S U M M A R Y ------------

Command Line: -Dorg.gradle.native=false -Xmx512m -Dfile.encoding=windows-1251 -Duser.country=RU -Duser.language=ru -Duser.variant -ea worker.org.gradle.process.internal.worker.GradleWorkerMain 'Gradle Test Executor 5'

Host: AMD Athlon 300U with Radeon Vega Mobile Gfx    , 4 cores, 3G,  Windows 11 , 64 bit Build 22000 (10.0.22000.708)
Time: Wed Sep 28 17:31:13 2022  Windows 11 , 64 bit Build 22000 (10.0.22000.708) elapsed time: 0.549937 seconds (0d 0h 0m 0s)

---------------  T H R E A D  ---------------

Current thread (0x000001af55db5800):  JavaThread "C1 CompilerThread0" daemon [_thread_in_native, id=49144, stack(0x0000008699e00000,0x0000008699f00000)]


Current CompileTask:
C1:    550  309       3       java.lang.CharacterData00::toLowerCase (2683 bytes)

Stack: [0x0000008699e00000,0x0000008699f00000]
Native frames: (J=compiled Java code, j=interpreted, Vv=VM code, C=native code)
V  [jvm.dll+0x61e72a]
V  [jvm.dll+0x7aae49]
V  [jvm.dll+0x7ac538]
V  [jvm.dll+0x7acc13]
V  [jvm.dll+0x24fb28]
V  [jvm.dll+0xc288b]
V  [jvm.dll+0xc2bec]
V  [jvm.dll+0xd0997]
V  [jvm.dll+0x16c25c]
V  [jvm.dll+0x16bf27]
V  [jvm.dll+0x16e8e9]
V  [jvm.dll+0x1705a1]
V  [jvm.dll+0x12ad95]
V  [jvm.dll+0x12a60f]
V  [jvm.dll+0x12a83f]
V  [jvm.dll+0x129ae4]
V  [jvm.dll+0x12b9f7]
V  [jvm.dll+0x2178a4]
V  [jvm.dll+0x215aeb]
V  [jvm.dll+0x76d950]
V  [jvm.dll+0x7668b4]
V  [jvm.dll+0x61d586]
C  [ucrtbase.dll+0x26c0c]
C  [KERNEL32.DLL+0x154e0]
C  [ntdll.dll+0x485b]


---------------  P R O C E S S  ---------------

Threads class SMR info:
_java_thread_list=0x000001af5601d010, length=10, elements={
0x000001af38710000, 0x000001af55d42000, 0x000001af55d4b000, 0x000001af55da8000,
0x000001af55da9800, 0x000001af55daa800, 0x000001af55dab800, 0x000001af55db5800,
0x000001af55dcc000, 0x000001af56049800
}

Java Threads: ( => current thread )
  0x000001af38710000 JavaThread "main" [_thread_in_vm, id=38016, stack(0x0000008699100000,0x0000008699200000)]
  0x000001af55d42000 JavaThread "Reference Handler" daemon [_thread_blocked, id=33268, stack(0x0000008699800000,0x0000008699900000)]
  0x000001af55d4b000 JavaThread "Finalizer" daemon [_thread_blocked, id=49312, stack(0x0000008699900000,0x0000008699a00000)]
  0x000001af55da8000 JavaThread "Signal Dispatcher" daemon [_thread_blocked, id=40272, stack(0x0000008699a00000,0x0000008699b00000)]
  0x000001af55da9800 JavaThread "Attach Listener" daemon [_thread_blocked, id=42880, stack(0x0000008699b00000,0x0000008699c00000)]
  0x000001af55daa800 JavaThread "Service Thread" daemon [_thread_blocked, id=26092, stack(0x0000008699c00000,0x0000008699d00000)]
  0x000001af55dab800 JavaThread "C2 CompilerThread0" daemon [_thread_in_vm, id=44716, stack(0x0000008699d00000,0x0000008699e00000)]
=>0x000001af55db5800 JavaThread "C1 CompilerThread0" daemon [_thread_in_native, id=49144, stack(0x0000008699e00000,0x0000008699f00000)]
  0x000001af55dcc000 JavaThread "Sweeper thread" daemon [_thread_blocked, id=49680, stack(0x0000008699f00000,0x000000869a000000)]
  0x000001af56049800 JavaThread "Common-Cleaner" daemon [_thread_blocked, id=36780, stack(0x000000869a100000,0x000000869a200000)]

Other Threads:
  0x000001af55d1c800 VMThread "VM Thread" [stack: 0x0000008699700000,0x0000008699800000] [id=32844]
  0x000001af56041000 WatcherThread [stack: 0x000000869a000000,0x000000869a100000] [id=39168]
  0x000001af3872b800 GCTaskThread "GC Thread#0" [stack: 0x0000008699200000,0x0000008699300000] [id=50412]
  0x000001af56118000 GCTaskThread "GC Thread#1" [stack: 0x000000869a200000,0x000000869a300000] [id=52016]
  0x000001af3873e000 ConcurrentGCThread "G1 Main Marker" [stack: 0x0000008699300000,0x0000008699400000] [id=49420]
  0x000001af38740000 ConcurrentGCThread "G1 Conc#0" [stack: 0x0000008699400000,0x0000008699500000] [id=46420]
  0x000001af38783000 ConcurrentGCThread "G1 Refine#0" [stack: 0x0000008699500000,0x0000008699600000] [id=49204]
  0x000001af38786800 ConcurrentGCThread "G1 Young RemSet Sampling" [stack: 0x0000008699600000,0x0000008699700000] [id=42140]

Threads with active compile tasks:
C2 CompilerThread0      582  312       4       java.util.zip.ZipUtils::CENHOW (9 bytes)
C1 CompilerThread0      582  309       3       java.lang.CharacterData00::toLowerCase (2683 bytes)

VM state:not at safepoint (normal execution)

VM Mutex/Monitor currently owned by a thread: None

OutOfMemory and StackOverflow Exception counts:
OutOfMemoryError java_heap_errors=1

Heap address: 0x00000000e0000000, size: 512 MB, Compressed Oops mode: 32-bit
Narrow klass base: 0x0000000000000000, Narrow klass shift: 3
Compressed class space size: 1073741824 Address: 0x0000000100000000

Heap:
 garbage-first heap   total 57344K, used 1543K [0x00000000e0000000, 0x0000000100000000)
  region size 1024K, 3 young (3072K), 2 survivors (2048K)
 Metaspace       used 6757K, capacity 6847K, committed 7040K, reserved 1062912K
  class space    used 597K, capacity 640K, committed 640K, reserved 1048576K
Heap Regions: E=young(eden), S=young(survivor), O=old, HS=humongous(starts), HC=humongous(continues), CS=collection set, F=free, A=archive, TAMS=top-at-mark-start (previous, next)
|   0|0x00000000e0000000, 0x00000000e0000000, 0x00000000e0100000|  0%| F|  |TAMS 0x00000000e0000000, 0x00000000e0000000| Untracked 
|   1|0x00000000e0100000, 0x00000000e0100000, 0x00000000e0200000|  0%| F|  |TAMS 0x00000000e0100000, 0x00000000e0100000| Untracked 
|   2|0x00000000e0200000, 0x00000000e0200000, 0x00000000e0300000|  0%| F|  |TAMS 0x00000000e0200000, 0x00000000e0200000| Untracked 
|   3|0x00000000e0300000, 0x00000000e0300000, 0x00000000e0400000|  0%| F|  |TAMS 0x00000000e0300000, 0x00000000e0300000| Untracked 
|   4|0x00000000e0400000, 0x00000000e0400000, 0x00000000e0500000|  0%| F|  |TAMS 0x00000000e0400000, 0x00000000e0400000| Untracked 
|   5|0x00000000e0500000, 0x00000000e0500000, 0x00000000e0600000|  0%| F|  |TAMS 0x00000000e0500000, 0x00000000e0500000| Untracked 
|   6|0x00000000e0600000, 0x00000000e0600000, 0x00000000e0700000|  0%| F|  |TAMS 0x00000000e0600000, 0x00000000e0600000| Untracked 
|   7|0x00000000e0700000, 0x00000000e0700000, 0x00000000e0800000|  0%| F|  |TAMS 0x00000000e0700000, 0x00000000e0700000| Untracked 
|   8|0x00000000e0800000, 0x00000000e0800000, 0x00000000e0900000|  0%| F|  |TAMS 0x00000000e0800000, 0x00000000e0800000| Untracked 
|   9|0x00000000e0900000, 0x00000000e0900000, 0x00000000e0a00000|  0%| F|  |TAMS 0x00000000e0900000, 0x00000000e0900000| Untracked 
|  10|0x00000000e0a00000, 0x00000000e0a00000, 0x00000000e0b00000|  0%| F|  |TAMS 0x00000000e0a00000, 0x00000000e0a00000| Untracked 
|  11|0x00000000e0b00000, 0x00000000e0b00000, 0x00000000e0c00000|  0%| F|  |TAMS 0x00000000e0b00000, 0x00000000e0b00000| Untracked 
|  12|0x00000000e0c00000, 0x00000000e0c00000, 0x00000000e0d00000|  0%| F|  |TAMS 0x00000000e0c00000, 0x00000000e0c00000| Untracked 
|  13|0x00000000e0d00000, 0x00000000e0d00000, 0x00000000e0e00000|  0%| F|  |TAMS 0x00000000e0d00000, 0x00000000e0d00000| Untracked 
|  14|0x00000000e0e00000, 0x00000000e0e00000, 0x00000000e0f00000|  0%| F|  |TAMS 0x00000000e0e00000, 0x00000000e0e00000| Untracked 
|  15|0x00000000e0f00000, 0x00000000e0f00000, 0x00000000e1000000|  0%| F|  |TAMS 0x00000000e0f00000, 0x00000000e0f00000| Untracked 
|  16|0x00000000e1000000, 0x00000000e1000000, 0x00000000e1100000|  0%| F|  |TAMS 0x00000000e1000000, 0x00000000e1000000| Untracked 
|  17|0x00000000e1100000, 0x00000000e1100000, 0x00000000e1200000|  0%| F|  |TAMS 0x00000000e1100000, 0x00000000e1100000| Untracked 
|  18|0x00000000e1200000, 0x00000000e1200000, 0x00000000e1300000|  0%| F|  |TAMS 0x00000000e1200000, 0x00000000e1200000| Untracked 
|  19|0x00000000e1300000, 0x00000000e1300000, 0x00000000e1400000|  0%| F|  |TAMS 0x00000000e1300000, 0x00000000e1300000| Untracked 
|  20|0x00000000e1400000, 0x00000000e1400000, 0x00000000e1500000|  0%| F|  |TAMS 0x00000000e1400000, 0x00000000e1400000| Untracked 
|  21|0x00000000e1500000, 0x00000000e1500000, 0x00000000e1600000|  0%| F|  |TAMS 0x00000000e1500000, 0x00000000e1500000| Untracked 
|  22|0x00000000e1600000, 0x00000000e1600000, 0x00000000e1700000|  0%| F|  |TAMS 0x00000000e1600000, 0x00000000e1600000| Untracked 
|  23|0x00000000e1700000, 0x00000000e1700000, 0x00000000e1800000|  0%| F|  |TAMS 0x00000000e1700000, 0x00000000e1700000| Untracked 
|  24|0x00000000e1800000, 0x00000000e1800000, 0x00000000e1900000|  0%| F|  |TAMS 0x00000000e1800000, 0x00000000e1800000| Untracked 
|  25|0x00000000e1900000, 0x00000000e1900000, 0x00000000e1a00000|  0%| F|  |TAMS 0x00000000e1900000, 0x00000000e1900000| Untracked 
|  26|0x00000000e1a00000, 0x00000000e1a00000, 0x00000000e1b00000|  0%| F|  |TAMS 0x00000000e1a00000, 0x00000000e1a00000| Untracked 
|  27|0x00000000e1b00000, 0x00000000e1b00000, 0x00000000e1c00000|  0%| F|  |TAMS 0x00000000e1b00000, 0x00000000e1b00000| Untracked 
|  28|0x00000000e1c00000, 0x00000000e1c00000, 0x00000000e1d00000|  0%| F|  |TAMS 0x00000000e1c00000, 0x00000000e1c00000| Untracked 
|  29|0x00000000e1d00000, 0x00000000e1d00000, 0x00000000e1e00000|  0%| F|  |TAMS 0x00000000e1d00000, 0x00000000e1d00000| Untracked 
|  30|0x00000000e1e00000, 0x00000000e1e00000, 0x00000000e1f00000|  0%| F|  |TAMS 0x00000000e1e00000, 0x00000000e1e00000| Untracked 
|  31|0x00000000e1f00000, 0x00000000e1f00000, 0x00000000e2000000|  0%| F|  |TAMS 0x00000000e1f00000, 0x00000000e1f00000| Untracked 
|  32|0x00000000e2000000, 0x00000000e2000000, 0x00000000e2100000|  0%| F|  |TAMS 0x00000000e2000000, 0x00000000e2000000| Untracked 
|  33|0x00000000e2100000, 0x00000000e2100000, 0x00000000e2200000|  0%| F|  |TAMS 0x00000000e2100000, 0x00000000e2100000| Untracked 
|  34|0x00000000e2200000, 0x00000000e2200000, 0x00000000e2300000|  0%| F|  |TAMS 0x00000000e2200000, 0x00000000e2200000| Untracked 
|  35|0x00000000e2300000, 0x00000000e2300000, 0x00000000e2400000|  0%| F|  |TAMS 0x00000000e2300000, 0x00000000e2300000| Untracked 
|  36|0x00000000e2400000, 0x00000000e2400000, 0x00000000e2500000|  0%| F|  |TAMS 0x00000000e2400000, 0x00000000e2400000| Untracked 
|  37|0x00000000e2500000, 0x00000000e2500000, 0x00000000e2600000|  0%| F|  |TAMS 0x00000000e2500000, 0x00000000e2500000| Untracked 
|  38|0x00000000e2600000, 0x00000000e2600000, 0x00000000e2700000|  0%| F|  |TAMS 0x00000000e2600000, 0x00000000e2600000| Untracked 
|  39|0x00000000e2700000, 0x00000000e2700000, 0x00000000e2800000|  0%| F|  |TAMS 0x00000000e2700000, 0x00000000e2700000| Untracked 
|  40|0x00000000e2800000, 0x00000000e2800000, 0x00000000e2900000|  0%| F|  |TAMS 0x00000000e2800000, 0x00000000e2800000| Untracked 
|  41|0x00000000e2900000, 0x00000000e2900000, 0x00000000e2a00000|  0%| F|  |TAMS 0x00000000e2900000, 0x00000000e2900000| Untracked 
|  42|0x00000000e2a00000, 0x00000000e2a00000, 0x00000000e2b00000|  0%| F|  |TAMS 0x00000000e2a00000, 0x00000000e2a00000| Untracked 
|  43|0x00000000e2b00000, 0x00000000e2b00000, 0x00000000e2c00000|  0%| F|  |TAMS 0x00000000e2b00000, 0x00000000e2b00000| Untracked 
|  44|0x00000000e2c00000, 0x00000000e2c00000, 0x00000000e2d00000|  0%| F|  |TAMS 0x00000000e2c00000, 0x00000000e2c00000| Untracked 
|  45|0x00000000e2d00000, 0x00000000e2d00000, 0x00000000e2e00000|  0%| F|  |TAMS 0x00000000e2d00000, 0x00000000e2d00000| Untracked 
|  46|0x00000000e2e00000, 0x00000000e2e00000, 0x00000000e2f00000|  0%| F|  |TAMS 0x00000000e2e00000, 0x00000000e2e00000| Untracked 
|  47|0x00000000e2f00000, 0x00000000e2f00000, 0x00000000e3000000|  0%| F|  |TAMS 0x00000000e2f00000, 0x00000000e2f00000| Untracked 
|  48|0x00000000e3000000, 0x00000000e3000000, 0x00000000e3100000|  0%| F|  |TAMS 0x00000000e3000000, 0x00000000e3000000| Untracked 
|  49|0x00000000e3100000, 0x00000000e3100000, 0x00000000e3200000|  0%| F|  |TAMS 0x00000000e3100000, 0x00000000e3100000| Untracked 
|  50|0x00000000e3200000, 0x00000000e3281dc8, 0x00000000e3300000| 50%| S|CS|TAMS 0x00000000e3200000, 0x00000000e3200000| Complete 
|  51|0x00000000e3300000, 0x00000000e3400000, 0x00000000e3400000|100%| S|CS|TAMS 0x00000000e3300000, 0x00000000e3300000| Complete 
|  52|0x00000000e3400000, 0x00000000e3400000, 0x00000000e3500000|  0%| F|  |TAMS 0x00000000e3400000, 0x00000000e3400000| Untracked 
|  53|0x00000000e3500000, 0x00000000e3500000, 0x00000000e3600000|  0%| F|  |TAMS 0x00000000e3500000, 0x00000000e3500000| Untracked 
|  54|0x00000000e3600000, 0x00000000e3600000, 0x00000000e3700000|  0%| F|  |TAMS 0x00000000e3600000, 0x00000000e3600000| Untracked 
|  55|0x00000000e3700000, 0x00000000e3800000, 0x00000000e3800000|100%| E|  |TAMS 0x00000000e3700000, 0x00000000e3700000| Complete 

Card table byte_map: [0x000001af51da0000,0x000001af51ea0000] _byte_map_base: 0x000001af516a0000

Marking Bits (Prev, Next): (CMBitMap*) 0x000001af3873a3c0, (CMBitMap*) 0x000001af3873a388
 Prev Bits: [0x000001af527a0000, 0x000001af52fa0000)
 Next Bits: [0x000001af51fa0000, 0x000001af527a0000)

Polling page: 0x000001af387f0000

Metaspace:

Usage:
  Non-class:      6.06 MB capacity,     6.02 MB (>99%) used,    42.67 KB ( <1%) free+waste,     3.75 KB ( <1%) overhead. 
      Class:    640.00 KB capacity,   597.02 KB ( 93%) used,    41.23 KB (  6%) free+waste,     1.75 KB ( <1%) overhead. 
       Both:      6.69 MB capacity,     6.60 MB ( 99%) used,    83.90 KB (  1%) free+waste,     5.50 KB ( <1%) overhead. 

Virtual space:
  Non-class space:       14.00 MB reserved,       6.25 MB ( 45%) committed 
      Class space:        1.00 GB reserved,     640.00 KB ( <1%) committed 
             Both:        1.01 GB reserved,       6.88 MB ( <1%) committed 

Chunk freelists:
   Non-Class:  1.00 KB
       Class:  0 bytes
        Both:  1.00 KB

MaxMetaspaceSize: 17179869184.00 GB
CompressedClassSpaceSize: 1.00 GB
Initial GC threshold: 20.80 MB
Current GC threshold: 21.12 MB
CDS: off

CodeHeap 'non-profiled nmethods': size=120064Kb used=83Kb max_used=83Kb free=119980Kb
 bounds [0x000001af4a140000, 0x000001af4a3b0000, 0x000001af51680000]
CodeHeap 'profiled nmethods': size=120000Kb used=403Kb max_used=403Kb free=119596Kb
 bounds [0x000001af42c10000, 0x000001af42e80000, 0x000001af4a140000]
CodeHeap 'non-nmethods': size=5696Kb used=1094Kb max_used=1105Kb free=4602Kb
 bounds [0x000001af42680000, 0x000001af428f0000, 0x000001af42c10000]
 total_blobs=645 nmethods=308 adapters=250
 compilation: enabled
              stopped_count=0, restarted_count=0
 full_count=0

Compilation events (20 events):
Event: 0.533 Thread 0x000001af55dab800 nmethod 299 0x000001af4a154710 code [0x000001af4a1548a0, 0x000001af4a1548f8]
Event: 0.533 Thread 0x000001af55db5800 nmethod 298 0x000001af42c6f710 code [0x000001af42c6f980, 0x000001af42c70538]
Event: 0.533 Thread 0x000001af55db5800  300   !   3       java.util.jar.JarFile::isMultiRelease (33 bytes)
Event: 0.533 Thread 0x000001af55db5800 nmethod 300 0x000001af42c70a10 code [0x000001af42c70be0, 0x000001af42c70dc8]
Event: 0.533 Thread 0x000001af55db5800  301   !   3       java.util.zip.ZipFile::getEntry (73 bytes)
Event: 0.534 Thread 0x000001af55db5800 nmethod 301 0x000001af42c70e90 code [0x000001af42c710a0, 0x000001af42c716e8]
Event: 0.534 Thread 0x000001af55db5800  302       3       java.lang.AbstractStringBuilder::checkRange (60 bytes)
Event: 0.535 Thread 0x000001af55db5800 nmethod 302 0x000001af42c71a10 code [0x000001af42c71ce0, 0x000001af42c72818]
Event: 0.535 Thread 0x000001af55db5800  303       3       java.lang.StringBuilder::append (10 bytes)
Event: 0.536 Thread 0x000001af55db5800 nmethod 303 0x000001af42c72c90 code [0x000001af42c72e40, 0x000001af42c72f88]
Event: 0.536 Thread 0x000001af55db5800  305       3       sun.nio.fs.WindowsPathParser::nextNonSlash (24 bytes)
Event: 0.536 Thread 0x000001af55db5800 nmethod 305 0x000001af42c73010 code [0x000001af42c73240, 0x000001af42c73998]
Event: 0.536 Thread 0x000001af55db5800  304       3       java.lang.AbstractStringBuilder::append (43 bytes)
Event: 0.537 Thread 0x000001af55db5800 nmethod 304 0x000001af42c73c90 code [0x000001af42c73e80, 0x000001af42c74158]
Event: 0.542 Thread 0x000001af55db5800  306       3       java.io.RandomAccessFile::seek (22 bytes)
Event: 0.542 Thread 0x000001af55db5800 nmethod 306 0x000001af42c74290 code [0x000001af42c74460, 0x000001af42c74698]
Event: 0.542 Thread 0x000001af55db5800  308       3       java.util.zip.ZipUtils::CENLEN (9 bytes)
Event: 0.543 Thread 0x000001af55db5800 nmethod 308 0x000001af42c74790 code [0x000001af42c74960, 0x000001af42c74c38]
Event: 0.543 Thread 0x000001af55db5800  309       3       java.lang.CharacterData00::toLowerCase (2683 bytes)
Event: 0.545 Thread 0x000001af55dab800  312       4       java.util.zip.ZipUtils::CENHOW (9 bytes)

GC Heap History (2 events):
Event: 0.521 GC heap before
{Heap before GC invocations=0 (full 0):
 garbage-first heap   total 57344K, used 3072K [0x00000000e0000000, 0x0000000100000000)
  region size 1024K, 4 young (4096K), 0 survivors (0K)
 Metaspace       used 6686K, capacity 6783K, committed 6784K, reserved 1062912K
  class space    used 588K, capacity 640K, committed 640K, reserved 1048576K
}
Event: 0.526 GC heap after
{Heap after GC invocations=1 (full 0):
 garbage-first heap   total 57344K, used 1543K [0x00000000e0000000, 0x0000000100000000)
  region size 1024K, 2 young (2048K), 2 survivors (2048K)
 Metaspace       used 6686K, capacity 6783K, committed 6784K, reserved 1062912K
  class space    used 588K, capacity 640K, committed 640K, reserved 1048576K
}

Deoptimization events (6 events):
Event: 0.252 Thread 0x000001af38710000 Uncommon trap: trap_request=0xffffff4d fr.pc=0x000001af4a146ec8 relative=0x0000000000000188
Event: 0.252 Thread 0x000001af38710000 Uncommon trap: reason=unstable_if action=reinterpret pc=0x000001af4a146ec8 method=java.lang.String.hashCode()I @ 14 c2
Event: 0.252 Thread 0x000001af38710000 DEOPT PACKING pc=0x000001af4a146ec8 sp=0x00000086991fd730
Event: 0.252 Thread 0x000001af38710000 DEOPT UNPACKING pc=0x000001af426ca1af sp=0x00000086991fd6c8 mode 2
Event: 0.514 Thread 0x000001af38710000 DEOPT PACKING pc=0x000001af42c59f38 sp=0x00000086991faff0
Event: 0.514 Thread 0x000001af38710000 DEOPT UNPACKING pc=0x000001af426ca95e sp=0x00000086991fa460 mode 0

Classes redefined (0 events):
No events

Internal exceptions (0 events):
No events

Events (20 events):
Event: 0.529 loading class jdk/internal/jimage/ImageStrings done
Event: 0.529 loading class jdk/internal/jimage/ImageStringsReader done
Event: 0.529 loading class jdk/internal/jimage/decompressor/Decompressor
Event: 0.529 loading class jdk/internal/jimage/decompressor/Decompressor done
Event: 0.530 loading class jdk/internal/jimage/ImageLocation
Event: 0.530 loading class jdk/internal/jimage/ImageLocation done
Event: 0.531 loading class java/util/Collections$EmptyIterator
Event: 0.531 loading class java/util/Collections$EmptyIterator done
Event: 0.531 loading class java/util/Collections$EmptyEnumeration
Event: 0.531 loading class java/util/Collections$EmptyEnumeration done
Event: 0.531 loading class jdk/internal/loader/BuiltinClassLoader$1
Event: 0.531 loading class jdk/internal/loader/BuiltinClassLoader$1 done
Event: 0.532 loading class java/lang/CompoundEnumeration
Event: 0.532 loading class java/lang/CompoundEnumeration done
Event: 0.532 loading class jdk/internal/loader/URLClassPath$1
Event: 0.532 loading class jdk/internal/loader/URLClassPath$1 done
Event: 0.532 loading class java/net/URLClassLoader$3
Event: 0.533 loading class java/net/URLClassLoader$3 done
Event: 0.533 loading class java/net/URLClassLoader$3$1
Event: 0.533 loading class java/net/URLClassLoader$3$1 done


Dynamic libraries:
0x00007ff6e5d60000 - 0x00007ff6e5d6d000 	C:\Program Files\Eclipse Adoptium\jdk-11.0.15.10-hotspot\bin\java.exe
0x00007fff31260000 - 0x00007fff31469000 	C:\WINDOWS\SYSTEM32\ntdll.dll
0x00007fff2fd20000 - 0x00007fff2fddd000 	C:\WINDOWS\System32\KERNEL32.DLL
0x00007fff2ed70000 - 0x00007fff2f0ec000 	C:\WINDOWS\System32\KERNELBASE.dll
0x00007fff2ec50000 - 0x00007fff2ed61000 	C:\WINDOWS\System32\ucrtbase.dll
0x00007ffefe8d0000 - 0x00007ffefe8e5000 	C:\Program Files\Eclipse Adoptium\jdk-11.0.15.10-hotspot\bin\VCRUNTIME140.dll
0x00007fff1a4e0000 - 0x00007fff1a4f7000 	C:\Program Files\Eclipse Adoptium\jdk-11.0.15.10-hotspot\bin\jli.dll
0x00007fff30a40000 - 0x00007fff30bed000 	C:\WINDOWS\System32\USER32.dll
0x00007fff2e7e0000 - 0x00007fff2e806000 	C:\WINDOWS\System32\win32u.dll
0x00007fff2d3e0000 - 0x00007fff2d685000 	C:\WINDOWS\WinSxS\amd64_microsoft.windows.common-controls_6595b64144ccf1df_6.0.22000.120_none_9d947278b86cc467\COMCTL32.dll
0x00007fff30120000 - 0x00007fff30149000 	C:\WINDOWS\System32\GDI32.dll
0x00007fff2fbf0000 - 0x00007fff2fc93000 	C:\WINDOWS\System32\msvcrt.dll
0x00007fff2e940000 - 0x00007fff2ea59000 	C:\WINDOWS\System32\gdi32full.dll
0x00007fff2e740000 - 0x00007fff2e7dd000 	C:\WINDOWS\System32\msvcp_win.dll
0x00007fff2f740000 - 0x00007fff2f771000 	C:\WINDOWS\System32\IMM32.DLL
0x00007ffed6f50000 - 0x00007ffed6feb000 	C:\Program Files\Eclipse Adoptium\jdk-11.0.15.10-hotspot\bin\msvcp140.dll
0x00007ffecfc10000 - 0x00007ffed0791000 	C:\Program Files\Eclipse Adoptium\jdk-11.0.15.10-hotspot\bin\server\jvm.dll
0x00007fff30070000 - 0x00007fff3011e000 	C:\WINDOWS\System32\ADVAPI32.dll
0x00007fff2fde0000 - 0x00007fff2fe7e000 	C:\WINDOWS\System32\sechost.dll
0x00007fff2f860000 - 0x00007fff2f980000 	C:\WINDOWS\System32\RPCRT4.dll
0x00007fff2f730000 - 0x00007fff2f738000 	C:\WINDOWS\System32\PSAPI.DLL
0x00007fff25d60000 - 0x00007fff25d6a000 	C:\WINDOWS\SYSTEM32\VERSION.dll
0x00007fff2c9c0000 - 0x00007fff2c9f3000 	C:\WINDOWS\SYSTEM32\WINMM.dll
0x00007fff2aa80000 - 0x00007fff2aa89000 	C:\WINDOWS\SYSTEM32\WSOCK32.dll
0x00007fff30f70000 - 0x00007fff30fdf000 	C:\WINDOWS\System32\WS2_32.dll
0x00007fff2d830000 - 0x00007fff2d848000 	C:\WINDOWS\SYSTEM32\kernel.appcore.dll
0x00007fff1fe10000 - 0x00007fff1fe20000 	C:\Program Files\Eclipse Adoptium\jdk-11.0.15.10-hotspot\bin\verify.dll
0x00007fff2bfd0000 - 0x00007fff2c1f1000 	C:\WINDOWS\SYSTEM32\DBGHELP.DLL
0x00007fff241a0000 - 0x00007fff241d1000 	C:\WINDOWS\SYSTEM32\dbgcore.DLL
0x00007fff2ebd0000 - 0x00007fff2ec4f000 	C:\WINDOWS\System32\bcryptPrimitives.dll
0x00007ffefe8a0000 - 0x00007ffefe8c8000 	C:\Program Files\Eclipse Adoptium\jdk-11.0.15.10-hotspot\bin\java.dll
0x00007fff1f3b0000 - 0x00007fff1f3ba000 	C:\Program Files\Eclipse Adoptium\jdk-11.0.15.10-hotspot\bin\jimage.dll
0x00007ffefcbd0000 - 0x00007ffefcbe8000 	C:\Program Files\Eclipse Adoptium\jdk-11.0.15.10-hotspot\bin\zip.dll
0x00007fff30160000 - 0x00007fff30918000 	C:\WINDOWS\System32\SHELL32.dll
0x00007fff2cb70000 - 0x00007fff2d3d8000 	C:\WINDOWS\SYSTEM32\windows.storage.dll
0x00007fff30bf0000 - 0x00007fff30f69000 	C:\WINDOWS\System32\combase.dll
0x00007fff2ca00000 - 0x00007fff2cb66000 	C:\WINDOWS\SYSTEM32\wintypes.dll
0x00007fff2ff80000 - 0x00007fff3006a000 	C:\WINDOWS\System32\SHCORE.dll
0x00007fff2f150000 - 0x00007fff2f1ad000 	C:\WINDOWS\System32\shlwapi.dll
0x00007fff2e670000 - 0x00007fff2e691000 	C:\WINDOWS\SYSTEM32\profapi.dll
0x00007ffef8e70000 - 0x00007ffef8e89000 	C:\Program Files\Eclipse Adoptium\jdk-11.0.15.10-hotspot\bin\net.dll
0x00007fff26c80000 - 0x00007fff26d8c000 	C:\WINDOWS\SYSTEM32\WINHTTP.dll
0x00007fff2dc60000 - 0x00007fff2dcc7000 	C:\WINDOWS\system32\mswsock.dll
0x00007ffef8e50000 - 0x00007ffef8e63000 	C:\Program Files\Eclipse Adoptium\jdk-11.0.15.10-hotspot\bin\nio.dll

dbghelp: loaded successfully - version: 4.0.5 - missing functions: none
symbol engine: initialized successfully - sym options: 0x614 - pdb path: .;C:\Program Files\Eclipse Adoptium\jdk-11.0.15.10-hotspot\bin;C:\WINDOWS\SYSTEM32;C:\WINDOWS\WinSxS\amd64_microsoft.windows.common-controls_6595b64144ccf1df_6.0.22000.120_none_9d947278b86cc467;C:\Program Files\Eclipse Adoptium\jdk-11.0.15.10-hotspot\bin\server

VM Arguments:
jvm_args: -Dorg.gradle.native=false -Xmx512m -Dfile.encoding=windows-1251 -Duser.country=RU -Duser.language=ru -Duser.variant -ea 
java_command: worker.org.gradle.process.internal.worker.GradleWorkerMain 'Gradle Test Executor 5'
java_class_path (initial): C:\\Users\\Крис\\.gradle\\caches\\6.7\\workerMain\\gradle-worker.jar;C:\\artifacts\\build\\classes\\java\\test;C:\\artifacts\\build\\resources\\test;C:\\artifacts\\build\\classes\\java\\main;C:\\artifacts\\build\\resources\\main;C:\\Users\\Крис\\.gradle\\caches\\modules-2\\files-2.1\\io.rest-assured\\rest-assured\\4.3.0\\c85756689126b10001aab7ff9e9d8851e3313b2d\\rest-assured-4.3.0.jar;C:\\Users\\Крис\\.gradle\\caches\\modules-2\\files-2.1\\io.rest-assured\\json-schema-validator\\4.3.0\\56ca9c2ca92b5063f977a27abe5d1d9cae28f1ce\\json-schema-validator-4.3.0.jar;C:\\Users\\Крис\\.gradle\\caches\\modules-2\\files-2.1\\org.junit.jupiter\\junit-jupiter-params\\5.6.1\\3a9033e0bde8085cb357b20b220f2e1aae429f52\\junit-jupiter-params-5.6.1.jar;C:\\Users\\Крис\\.gradle\\caches\\modules-2\\files-2.1\\org.junit.jupiter\\junit-jupiter-engine\\5.6.1\\f9686cdeb1b70e7928656379b1a116450a391ea2\\junit-jupiter-engine-5.6.1.jar;C:\\Users\\Крис\\.gradle\\caches\\modules-2\\files-2.1\\org.junit.jupiter\\junit-jupiter-api\\5.6.1\\552e8b1410c1e210841a9b7e0dab65b5dcb8208b\\junit-jupiter-api-5.6.1.jar;C:\\Users\\Крис\\.gradle\\caches\\modules-2\\files-2.1\\org.junit.platform\\junit-platform-engine\\1.6.1\\e93ddd6d2e6e7d1ff6439fe61ab6a862edb066f7\\junit-platform-engine-1.6.1.jar;C:\\Users\\Крис\\.gradle\\caches\\modules-2\\files-2.1\\org.junit.platform\\junit-platform-commons\\1.6.1\\3211988f6980e1bd68e2b4049f32c2076a0b93ed\\junit-platform-commons-1.6.1.jar;C:\\Users\\Крис\\.gradle\\caches\\modules-2\\files-2.1\\org.junit.jupiter\\junit-jupiter\\5.6.1\\4ae716895f1ee8a5720c02c8f2ae749bf7f7de18\\junit-jupiter-5.6.1.jar;C:\\Users\\Крис\\.gradle\\caches\\modules-2\\files-2.1\\io.rest-assured\\xml-path\\4.3.0\\ba73c9fa3791ec159ddc984b2871832d2a99e476\\xml-path-4.3.0.jar;C:\\Users\\Крис\\.gradle\\caches\\modules-2\\files-2.1\\org.codehaus.groovy\\groovy-xml\\3.0.2\\514f857b89f22f98a63f4e5f3ae3d144f348eda\\groovy-xml-3.0.2.jar;C:\\Users\\Крис\\.gradle\\caches\\modules-2\\fi
Launcher Type: SUN_STANDARD

[Global flags]
     intx CICompilerCount                          = 3                                         {product} {ergonomic}
     uint ConcGCThreads                            = 1                                         {product} {ergonomic}
     uint G1ConcRefinementThreads                  = 4                                         {product} {ergonomic}
   size_t G1HeapRegionSize                         = 1048576                                   {product} {ergonomic}
    uintx GCDrainStackTargetSize                   = 64                                        {product} {ergonomic}
   size_t InitialHeapSize                          = 58720256                                  {product} {ergonomic}
   size_t MarkStackSize                            = 4194304                                   {product} {ergonomic}
   size_t MaxHeapSize                              = 536870912                                 {product} {command line}
   size_t MaxNewSize                               = 321912832                                 {product} {ergonomic}
   size_t MinHeapDeltaBytes                        = 1048576                                   {product} {ergonomic}
    uintx NonNMethodCodeHeapSize                   = 5830732                                {pd product} {ergonomic}
    uintx NonProfiledCodeHeapSize                  = 122913754                              {pd product} {ergonomic}
    uintx ProfiledCodeHeapSize                     = 122913754                              {pd product} {ergonomic}
    uintx ReservedCodeCacheSize                    = 251658240                              {pd product} {ergonomic}
     bool SegmentedCodeCache                       = true                                      {product} {ergonomic}
     bool UseCompressedClassPointers               = true                                 {lp64_product} {ergonomic}
     bool UseCompressedOops                        = true                                 {lp64_product} {ergonomic}
     bool UseG1GC                                  = true                                      {product} {ergonomic}
     bool UseLargePagesIndividualAllocation        = false                                  {pd product} {ergonomic}

Logging:
Log output configuration:
 #0: stdout all=warning uptime,level,tags
 #1: stderr all=off uptime,level,tags

Environment Variables:
PATH=C:\Program Files\Eclipse Adoptium\jdk-11.0.15.10-hotspot\bin;C:\WINDOWS\system32;C:\WINDOWS;C:\WINDOWS\System32\Wbem;C:\WINDOWS\System32\WindowsPowerShell\v1.0\;C:\WINDOWS\System32\OpenSSH\;C:\Program Files\Common Files\Autodesk Shared\;C:\Program Files\Git\cmd;C:\Users\Крис\AppData\Local\Programs\Python\Python39\Scripts\;C:\Users\Крис\AppData\Local\Programs\Python\Python39\;C:\Users\Крис\AppData\Local\Microsoft\WindowsApps;C:\Program Files\JetBrains\PyCharm Community Edition 2020.3.2\bin;;C:\Users\Крис\ffmpeg\bin\;;C:\Program Files\JetBrains\IntelliJ IDEA Community Edition 2022.1.1\bin;;C:\Users\Крис\AppData\Local\Programs\Microsoft VS Code\bin
USERNAME=Крис
OS=Windows_NT
PROCESSOR_IDENTIFIER=AMD64 Family 23 Model 24 Stepping 1, AuthenticAMD



---------------  S Y S T E M  ---------------

OS: Windows 11 , 64 bit Build 22000 (10.0.22000.708)
OS uptime: 8 days 4:12 hours

CPU:total 4 (initial active 4) (4 cores per cpu, 2 threads per core) family 23 model 24 stepping 1 microcode 0x0, cmov, cx8, fxsr, mmx, sse, sse2, sse3, ssse3, sse4.1, sse4.2, popcnt, avx, avx2, aes, clmul, mmxext, 3dnowpref, lzcnt, sse4a, ht, tsc, tscinvbit, tscinv, bmi1, bmi2, adx, sha, fma

Memory: 4k page, system-wide physical 3460M (14M free)
TotalPageFile size 14212M (AvailPageFile size 0M)
current process WorkingSet (physical memory assigned to process): 37M, peak: 37M
current process commit charge ("private bytes"): 124M, peak: 124M

vm_info: OpenJDK 64-Bit Server VM (11.0.15+10) for windows-amd64 JRE (11.0.15+10), built on Apr 19 2022 22:29:44 by "" with unknown MS VC++:1916

END.
